[2026-03-01T08:59:27.254+0000] {taskinstance.py:1956} INFO - Dependencies all met for dep_context=non-requeueable deps ti=<TaskInstance: anime_etl.load manual__2026-03-01T08:18:03.005084+00:00 [queued]>
[2026-03-01T08:59:27.267+0000] {taskinstance.py:1956} INFO - Dependencies all met for dep_context=requeueable deps ti=<TaskInstance: anime_etl.load manual__2026-03-01T08:18:03.005084+00:00 [queued]>
[2026-03-01T08:59:27.268+0000] {taskinstance.py:2170} INFO - Starting attempt 1 of 3
[2026-03-01T08:59:27.285+0000] {taskinstance.py:2191} INFO - Executing <Task(PythonOperator): load> on 2026-03-01 08:18:03.005084+00:00
[2026-03-01T08:59:27.291+0000] {standard_task_runner.py:60} INFO - Started process 608 to run task
[2026-03-01T08:59:27.294+0000] {standard_task_runner.py:87} INFO - Running: ['airflow', 'tasks', 'run', 'anime_etl', 'load', 'manual__2026-03-01T08:18:03.005084+00:00', '--job-id', '6', '--raw', '--subdir', 'DAGS_FOLDER/anime_etl_dag.py', '--cfg-path', '/tmp/tmpabm2q4tg']
[2026-03-01T08:59:27.296+0000] {standard_task_runner.py:88} INFO - Job 6: Subtask load
[2026-03-01T08:59:27.356+0000] {task_command.py:423} INFO - Running <TaskInstance: anime_etl.load manual__2026-03-01T08:18:03.005084+00:00 [running]> on host 3f3742ee6226
[2026-03-01T08:59:27.460+0000] {taskinstance.py:2480} INFO - Exporting env vars: AIRFLOW_CTX_DAG_OWNER='data-engineer' AIRFLOW_CTX_DAG_ID='anime_etl' AIRFLOW_CTX_TASK_ID='load' AIRFLOW_CTX_EXECUTION_DATE='2026-03-01T08:18:03.005084+00:00' AIRFLOW_CTX_TRY_NUMBER='1' AIRFLOW_CTX_DAG_RUN_ID='manual__2026-03-01T08:18:03.005084+00:00'
[2026-03-01T08:59:28.081+0000] {taskinstance.py:2698} ERROR - Task failed with exception
Traceback (most recent call last):
  File "/home/airflow/.local/lib/python3.11/site-packages/sqlalchemy/engine/base.py", line 1910, in _execute_context
    self.dialect.do_execute(
  File "/home/airflow/.local/lib/python3.11/site-packages/sqlalchemy/engine/default.py", line 736, in do_execute
    cursor.execute(statement, parameters)
psycopg2.errors.UniqueViolation: duplicate key value violates unique constraint "pg_type_typname_nsp_index"
DETAIL:  Key (typname, typnamespace)=(anime, 2200) already exists.


The above exception was the direct cause of the following exception:

Traceback (most recent call last):
  File "/home/airflow/.local/lib/python3.11/site-packages/airflow/models/taskinstance.py", line 433, in _execute_task
    result = execute_callable(context=context, **execute_callable_kwargs)
             ^^^^^^^^^^^^^^^^^^^^^^^^^^^^^^^^^^^^^^^^^^^^^^^^^^^^^^^^^^^^
  File "/home/airflow/.local/lib/python3.11/site-packages/airflow/operators/python.py", line 199, in execute
    return_value = self.execute_callable()
                   ^^^^^^^^^^^^^^^^^^^^^^^
  File "/home/airflow/.local/lib/python3.11/site-packages/airflow/operators/python.py", line 216, in execute_callable
    return self.python_callable(*self.op_args, **self.op_kwargs)
           ^^^^^^^^^^^^^^^^^^^^^^^^^^^^^^^^^^^^^^^^^^^^^^^^^^^^^
  File "/opt/airflow/dags/anime_etl_dag.py", line 87, in task_load
    run(clean_df=clean_df, rejected_df=rejected_df)
  File "/opt/airflow/pipeline/loader.py", line 130, in run
    create_schema(engine)
  File "/opt/airflow/pipeline/loader.py", line 36, in create_schema
    conn.execute(text(statement))
  File "/home/airflow/.local/lib/python3.11/site-packages/sqlalchemy/engine/base.py", line 1385, in execute
    return meth(self, multiparams, params, _EMPTY_EXECUTION_OPTS)
           ^^^^^^^^^^^^^^^^^^^^^^^^^^^^^^^^^^^^^^^^^^^^^^^^^^^^^^
  File "/home/airflow/.local/lib/python3.11/site-packages/sqlalchemy/sql/elements.py", line 334, in _execute_on_connection
    return connection._execute_clauseelement(
           ^^^^^^^^^^^^^^^^^^^^^^^^^^^^^^^^^^
  File "/home/airflow/.local/lib/python3.11/site-packages/sqlalchemy/engine/base.py", line 1577, in _execute_clauseelement
    ret = self._execute_context(
          ^^^^^^^^^^^^^^^^^^^^^^
  File "/home/airflow/.local/lib/python3.11/site-packages/sqlalchemy/engine/base.py", line 1953, in _execute_context
    self._handle_dbapi_exception(
  File "/home/airflow/.local/lib/python3.11/site-packages/sqlalchemy/engine/base.py", line 2134, in _handle_dbapi_exception
    util.raise_(
  File "/home/airflow/.local/lib/python3.11/site-packages/sqlalchemy/util/compat.py", line 211, in raise_
    raise exception
  File "/home/airflow/.local/lib/python3.11/site-packages/sqlalchemy/engine/base.py", line 1910, in _execute_context
    self.dialect.do_execute(
  File "/home/airflow/.local/lib/python3.11/site-packages/sqlalchemy/engine/default.py", line 736, in do_execute
    cursor.execute(statement, parameters)
sqlalchemy.exc.IntegrityError: (psycopg2.errors.UniqueViolation) duplicate key value violates unique constraint "pg_type_typname_nsp_index"
DETAIL:  Key (typname, typnamespace)=(anime, 2200) already exists.

[SQL: -- schema.sql
-- ----------
-- Run once on startup (handled automatically by loader.py).
-- Defines tables and indexes for the anime pipeline.


-- ── Main Table ───────────────────────────────────────────────────────────────
CREATE TABLE IF NOT EXISTS anime (
    anime_id    INTEGER     PRIMARY KEY,
    rank        INTEGER     NOT NULL,
    title       TEXT        NOT NULL,
    type        TEXT,                       -- TV, Movie, OVA, etc.
    episodes    INTEGER,
    score       NUMERIC(4, 2),
    members     INTEGER,
    url         TEXT,
    scraped_at  TIMESTAMP   DEFAULT NOW()
)]
(Background on this error at: https://sqlalche.me/e/14/gkpj)
[2026-03-01T08:59:28.188+0000] {taskinstance.py:1138} INFO - Marking task as UP_FOR_RETRY. dag_id=anime_etl, task_id=load, execution_date=20260301T081803, start_date=20260301T085927, end_date=20260301T085928
[2026-03-01T08:59:28.206+0000] {standard_task_runner.py:107} ERROR - Failed to execute job 6 for task load ((psycopg2.errors.UniqueViolation) duplicate key value violates unique constraint "pg_type_typname_nsp_index"
DETAIL:  Key (typname, typnamespace)=(anime, 2200) already exists.

[SQL: -- schema.sql
-- ----------
-- Run once on startup (handled automatically by loader.py).
-- Defines tables and indexes for the anime pipeline.


-- ── Main Table ───────────────────────────────────────────────────────────────
CREATE TABLE IF NOT EXISTS anime (
    anime_id    INTEGER     PRIMARY KEY,
    rank        INTEGER     NOT NULL,
    title       TEXT        NOT NULL,
    type        TEXT,                       -- TV, Movie, OVA, etc.
    episodes    INTEGER,
    score       NUMERIC(4, 2),
    members     INTEGER,
    url         TEXT,
    scraped_at  TIMESTAMP   DEFAULT NOW()
)]
(Background on this error at: https://sqlalche.me/e/14/gkpj); 608)
[2026-03-01T08:59:28.231+0000] {local_task_job_runner.py:234} INFO - Task exited with return code 1
[2026-03-01T08:59:28.254+0000] {taskinstance.py:3280} INFO - 0 downstream tasks scheduled from follow-on schedule check
