[2026-03-01T07:57:39.348+0000] {taskinstance.py:1956} INFO - Dependencies all met for dep_context=non-requeueable deps ti=<TaskInstance: anime_etl.scrape manual__2026-03-01T07:47:36.517361+00:00 [queued]>
[2026-03-01T07:57:39.355+0000] {taskinstance.py:1956} INFO - Dependencies all met for dep_context=requeueable deps ti=<TaskInstance: anime_etl.scrape manual__2026-03-01T07:47:36.517361+00:00 [queued]>
[2026-03-01T07:57:39.357+0000] {taskinstance.py:2170} INFO - Starting attempt 3 of 3
[2026-03-01T07:57:39.371+0000] {taskinstance.py:2191} INFO - Executing <Task(PythonOperator): scrape> on 2026-03-01 07:47:36.517361+00:00
[2026-03-01T07:57:39.376+0000] {standard_task_runner.py:60} INFO - Started process 320 to run task
[2026-03-01T07:57:39.380+0000] {standard_task_runner.py:87} INFO - Running: ['airflow', 'tasks', 'run', 'anime_etl', 'scrape', 'manual__2026-03-01T07:47:36.517361+00:00', '--job-id', '14', '--raw', '--subdir', 'DAGS_FOLDER/anime_etl_dag.py', '--cfg-path', '/tmp/tmpvnmg8f93']
[2026-03-01T07:57:39.383+0000] {standard_task_runner.py:88} INFO - Job 14: Subtask scrape
[2026-03-01T07:57:39.454+0000] {task_command.py:423} INFO - Running <TaskInstance: anime_etl.scrape manual__2026-03-01T07:47:36.517361+00:00 [running]> on host c1d546777f68
[2026-03-01T07:57:39.559+0000] {taskinstance.py:2480} INFO - Exporting env vars: AIRFLOW_CTX_DAG_OWNER='data-engineer' AIRFLOW_CTX_DAG_ID='anime_etl' AIRFLOW_CTX_TASK_ID='scrape' AIRFLOW_CTX_EXECUTION_DATE='2026-03-01T07:47:36.517361+00:00' AIRFLOW_CTX_TRY_NUMBER='3' AIRFLOW_CTX_DAG_RUN_ID='manual__2026-03-01T07:47:36.517361+00:00'
[2026-03-01T07:57:39.588+0000] {logging_mixin.py:188} INFO - [scraper] Found 98 existing anime.
[2026-03-01T07:57:39.589+0000] {logging_mixin.py:188} INFO - [scraper] Fetching API page 1
[2026-03-01T07:57:40.432+0000] {logging_mixin.py:188} INFO - [scraper] Fetching API page 2
[2026-03-01T07:57:41.532+0000] {logging_mixin.py:188} INFO - [scraper] Fetching API page 3
[2026-03-01T07:57:42.356+0000] {logging_mixin.py:188} INFO - [scraper] Fetching API page 4
[2026-03-01T07:57:43.835+0000] {logging_mixin.py:188} INFO - [scraper] Retrieved 100 from API.
[2026-03-01T07:57:43.836+0000] {logging_mixin.py:188} INFO - [scraper] 2 new anime to process.
[2026-03-01T07:57:43.845+0000] {logging_mixin.py:188} INFO - [scraper] Saved 2 records → /opt/airflow/data/raw/anime_raw_20260301_075743.json
[2026-03-01T07:57:43.865+0000] {python.py:201} INFO - Done. Returned value was: None
[2026-03-01T07:57:43.878+0000] {taskinstance.py:1138} INFO - Marking task as SUCCESS. dag_id=anime_etl, task_id=scrape, execution_date=20260301T074736, start_date=20260301T075739, end_date=20260301T075743
[2026-03-01T07:57:43.926+0000] {local_task_job_runner.py:234} INFO - Task exited with return code 0
[2026-03-01T07:57:43.962+0000] {taskinstance.py:3280} INFO - 1 downstream tasks scheduled from follow-on schedule check
