[2026-03-01T08:00:39.215+0000] {taskinstance.py:1956} INFO - Dependencies all met for dep_context=non-requeueable deps ti=<TaskInstance: anime_etl.scrape manual__2026-03-01T08:00:37.921978+00:00 [queued]>
[2026-03-01T08:00:39.224+0000] {taskinstance.py:1956} INFO - Dependencies all met for dep_context=requeueable deps ti=<TaskInstance: anime_etl.scrape manual__2026-03-01T08:00:37.921978+00:00 [queued]>
[2026-03-01T08:00:39.225+0000] {taskinstance.py:2170} INFO - Starting attempt 1 of 3
[2026-03-01T08:00:39.240+0000] {taskinstance.py:2191} INFO - Executing <Task(PythonOperator): scrape> on 2026-03-01 08:00:37.921978+00:00
[2026-03-01T08:00:39.249+0000] {standard_task_runner.py:60} INFO - Started process 193 to run task
[2026-03-01T08:00:39.254+0000] {standard_task_runner.py:87} INFO - Running: ['airflow', 'tasks', 'run', 'anime_etl', 'scrape', 'manual__2026-03-01T08:00:37.921978+00:00', '--job-id', '3', '--raw', '--subdir', 'DAGS_FOLDER/anime_etl_dag.py', '--cfg-path', '/tmp/tmpshqpmhwj']
[2026-03-01T08:00:39.258+0000] {standard_task_runner.py:88} INFO - Job 3: Subtask scrape
[2026-03-01T08:00:39.344+0000] {task_command.py:423} INFO - Running <TaskInstance: anime_etl.scrape manual__2026-03-01T08:00:37.921978+00:00 [running]> on host e9e57f5c8db6
[2026-03-01T08:00:39.462+0000] {taskinstance.py:2480} INFO - Exporting env vars: AIRFLOW_CTX_DAG_OWNER='data-engineer' AIRFLOW_CTX_DAG_ID='anime_etl' AIRFLOW_CTX_TASK_ID='scrape' AIRFLOW_CTX_EXECUTION_DATE='2026-03-01T08:00:37.921978+00:00' AIRFLOW_CTX_TRY_NUMBER='1' AIRFLOW_CTX_DAG_RUN_ID='manual__2026-03-01T08:00:37.921978+00:00'
[2026-03-01T08:00:39.501+0000] {logging_mixin.py:188} INFO - [scraper] First run detected. No anime table yet.
[2026-03-01T08:00:39.501+0000] {logging_mixin.py:188} INFO - [scraper] Found 0 existing anime.
[2026-03-01T08:00:39.502+0000] {logging_mixin.py:188} INFO - [scraper] Fetching API page 1
[2026-03-01T08:00:40.658+0000] {logging_mixin.py:188} INFO - [scraper] Fetching API page 2
[2026-03-01T08:00:41.728+0000] {logging_mixin.py:188} INFO - [scraper] Fetching API page 3
[2026-03-01T08:00:42.806+0000] {logging_mixin.py:188} INFO - [scraper] Fetching API page 4
[2026-03-01T08:00:43.665+0000] {logging_mixin.py:188} INFO - [scraper] Retrieved 100 from API.
[2026-03-01T08:00:43.666+0000] {logging_mixin.py:188} INFO - [scraper] 100 new anime to process.
[2026-03-01T08:00:43.673+0000] {logging_mixin.py:188} INFO - [scraper] Saved 100 records → /opt/airflow/data/raw/anime_raw_20260301_080043.json
[2026-03-01T08:00:43.692+0000] {python.py:201} INFO - Done. Returned value was: None
[2026-03-01T08:00:43.705+0000] {taskinstance.py:1138} INFO - Marking task as SUCCESS. dag_id=anime_etl, task_id=scrape, execution_date=20260301T080037, start_date=20260301T080039, end_date=20260301T080043
[2026-03-01T08:00:43.760+0000] {local_task_job_runner.py:234} INFO - Task exited with return code 0
[2026-03-01T08:00:43.787+0000] {taskinstance.py:3280} INFO - 1 downstream tasks scheduled from follow-on schedule check
