[2026-03-01T07:57:24.380+0000] {taskinstance.py:1956} INFO - Dependencies all met for dep_context=non-requeueable deps ti=<TaskInstance: anime_etl.scrape manual__2026-03-01T07:47:17.951646+00:00 [queued]>
[2026-03-01T07:57:24.392+0000] {taskinstance.py:1956} INFO - Dependencies all met for dep_context=requeueable deps ti=<TaskInstance: anime_etl.scrape manual__2026-03-01T07:47:17.951646+00:00 [queued]>
[2026-03-01T07:57:24.393+0000] {taskinstance.py:2170} INFO - Starting attempt 3 of 3
[2026-03-01T07:57:24.418+0000] {taskinstance.py:2191} INFO - Executing <Task(PythonOperator): scrape> on 2026-03-01 07:47:17.951646+00:00
[2026-03-01T07:57:24.424+0000] {standard_task_runner.py:60} INFO - Started process 301 to run task
[2026-03-01T07:57:24.436+0000] {standard_task_runner.py:87} INFO - Running: ['airflow', 'tasks', 'run', 'anime_etl', 'scrape', 'manual__2026-03-01T07:47:17.951646+00:00', '--job-id', '9', '--raw', '--subdir', 'DAGS_FOLDER/anime_etl_dag.py', '--cfg-path', '/tmp/tmpxser52di']
[2026-03-01T07:57:24.439+0000] {standard_task_runner.py:88} INFO - Job 9: Subtask scrape
[2026-03-01T07:57:24.903+0000] {task_command.py:423} INFO - Running <TaskInstance: anime_etl.scrape manual__2026-03-01T07:47:17.951646+00:00 [running]> on host c1d546777f68
[2026-03-01T07:57:25.253+0000] {taskinstance.py:2480} INFO - Exporting env vars: AIRFLOW_CTX_DAG_OWNER='data-engineer' AIRFLOW_CTX_DAG_ID='anime_etl' AIRFLOW_CTX_TASK_ID='scrape' AIRFLOW_CTX_EXECUTION_DATE='2026-03-01T07:47:17.951646+00:00' AIRFLOW_CTX_TRY_NUMBER='3' AIRFLOW_CTX_DAG_RUN_ID='manual__2026-03-01T07:47:17.951646+00:00'
[2026-03-01T07:57:25.414+0000] {logging_mixin.py:188} INFO - [scraper] First run detected. No anime table yet.
[2026-03-01T07:57:25.415+0000] {logging_mixin.py:188} INFO - [scraper] Found 0 existing anime.
[2026-03-01T07:57:25.415+0000] {logging_mixin.py:188} INFO - [scraper] Fetching API page 1
[2026-03-01T07:57:27.435+0000] {logging_mixin.py:188} INFO - [scraper] Fetching API page 2
[2026-03-01T07:57:29.171+0000] {logging_mixin.py:188} INFO - [scraper] Fetching API page 3
[2026-03-01T07:57:30.484+0000] {logging_mixin.py:188} INFO - [scraper] Fetching API page 4
[2026-03-01T07:57:32.309+0000] {logging_mixin.py:188} INFO - [scraper] API error: Rate limit hit. Retrying in 1s...
[2026-03-01T07:57:36.230+0000] {logging_mixin.py:188} INFO - [scraper] Retrieved 100 from API.
[2026-03-01T07:57:36.231+0000] {logging_mixin.py:188} INFO - [scraper] 100 new anime to process.
[2026-03-01T07:57:36.238+0000] {logging_mixin.py:188} INFO - [scraper] Saved 100 records → /opt/airflow/data/raw/anime_raw_20260301_075736.json
[2026-03-01T07:57:36.258+0000] {python.py:201} INFO - Done. Returned value was: None
[2026-03-01T07:57:36.271+0000] {taskinstance.py:1138} INFO - Marking task as SUCCESS. dag_id=anime_etl, task_id=scrape, execution_date=20260301T074717, start_date=20260301T075724, end_date=20260301T075736
[2026-03-01T07:57:36.303+0000] {local_task_job_runner.py:234} INFO - Task exited with return code 0
[2026-03-01T07:57:36.329+0000] {taskinstance.py:3280} INFO - 1 downstream tasks scheduled from follow-on schedule check
