[2026-03-02T06:00:05.855+0000] {taskinstance.py:1956} INFO - Dependencies all met for dep_context=non-requeueable deps ti=<TaskInstance: anime_etl.scrape scheduled__2026-03-01T06:00:00+00:00 [queued]>
[2026-03-02T06:00:05.871+0000] {taskinstance.py:1956} INFO - Dependencies all met for dep_context=requeueable deps ti=<TaskInstance: anime_etl.scrape scheduled__2026-03-01T06:00:00+00:00 [queued]>
[2026-03-02T06:00:05.873+0000] {taskinstance.py:2170} INFO - Starting attempt 1 of 3
[2026-03-02T06:00:05.905+0000] {taskinstance.py:2191} INFO - Executing <Task(PythonOperator): scrape> on 2026-03-01 06:00:00+00:00
[2026-03-02T06:00:05.922+0000] {standard_task_runner.py:60} INFO - Started process 6685 to run task
[2026-03-02T06:00:05.926+0000] {standard_task_runner.py:87} INFO - Running: ['airflow', 'tasks', 'run', 'anime_etl', 'scrape', 'scheduled__2026-03-01T06:00:00+00:00', '--job-id', '9', '--raw', '--subdir', 'DAGS_FOLDER/anime_etl_dag.py', '--cfg-path', '/tmp/tmp_qf1dxdh']
[2026-03-02T06:00:05.928+0000] {standard_task_runner.py:88} INFO - Job 9: Subtask scrape
[2026-03-02T06:00:05.999+0000] {task_command.py:423} INFO - Running <TaskInstance: anime_etl.scrape scheduled__2026-03-01T06:00:00+00:00 [running]> on host 3f3742ee6226
[2026-03-02T06:00:06.194+0000] {taskinstance.py:2480} INFO - Exporting env vars: AIRFLOW_CTX_DAG_OWNER='data-engineer' AIRFLOW_CTX_DAG_ID='anime_etl' AIRFLOW_CTX_TASK_ID='scrape' AIRFLOW_CTX_EXECUTION_DATE='2026-03-01T06:00:00+00:00' AIRFLOW_CTX_TRY_NUMBER='1' AIRFLOW_CTX_DAG_RUN_ID='scheduled__2026-03-01T06:00:00+00:00'
[2026-03-02T06:00:06.390+0000] {logging_mixin.py:188} INFO - [scraper] Running INCREMENTAL load
[2026-03-02T06:00:06.390+0000] {logging_mixin.py:188} INFO - [scraper] Checking newest page 1
[2026-03-02T06:00:08.359+0000] {logging_mixin.py:188} INFO - [scraper] Checking newest page 2
[2026-03-02T06:00:09.294+0000] {logging_mixin.py:188} INFO - [scraper] Checking newest page 3
[2026-03-02T06:00:10.563+0000] {logging_mixin.py:188} INFO - [scraper] Checking newest page 4
[2026-03-02T06:00:11.381+0000] {logging_mixin.py:188} INFO - [scraper] Checking newest page 5
[2026-03-02T06:00:14.717+0000] {logging_mixin.py:188} INFO - [scraper] Incremental load fetched 125 new records
[2026-03-02T06:00:14.728+0000] {logging_mixin.py:188} INFO - [scraper] Saved 125 records → /opt/airflow/data/raw/anime_raw_20260302_060014.json
[2026-03-02T06:00:14.751+0000] {python.py:201} INFO - Done. Returned value was: None
[2026-03-02T06:00:14.764+0000] {taskinstance.py:1138} INFO - Marking task as SUCCESS. dag_id=anime_etl, task_id=scrape, execution_date=20260301T060000, start_date=20260302T060005, end_date=20260302T060014
[2026-03-02T06:00:14.818+0000] {local_task_job_runner.py:234} INFO - Task exited with return code 0
[2026-03-02T06:00:14.853+0000] {taskinstance.py:3280} INFO - 1 downstream tasks scheduled from follow-on schedule check
