[2026-03-01T07:57:32.398+0000] {taskinstance.py:1956} INFO - Dependencies all met for dep_context=non-requeueable deps ti=<TaskInstance: anime_etl.transform scheduled__2026-02-28T06:00:00+00:00 [queued]>
[2026-03-01T07:57:32.407+0000] {taskinstance.py:1956} INFO - Dependencies all met for dep_context=requeueable deps ti=<TaskInstance: anime_etl.transform scheduled__2026-02-28T06:00:00+00:00 [queued]>
[2026-03-01T07:57:32.408+0000] {taskinstance.py:2170} INFO - Starting attempt 1 of 3
[2026-03-01T07:57:32.420+0000] {taskinstance.py:2191} INFO - Executing <Task(PythonOperator): transform> on 2026-02-28 06:00:00+00:00
[2026-03-01T07:57:32.428+0000] {standard_task_runner.py:60} INFO - Started process 308 to run task
[2026-03-01T07:57:32.431+0000] {standard_task_runner.py:87} INFO - Running: ['airflow', 'tasks', 'run', 'anime_etl', 'transform', 'scheduled__2026-02-28T06:00:00+00:00', '--job-id', '10', '--raw', '--subdir', 'DAGS_FOLDER/anime_etl_dag.py', '--cfg-path', '/tmp/tmp2y9_rz7c']
[2026-03-01T07:57:32.433+0000] {standard_task_runner.py:88} INFO - Job 10: Subtask transform
[2026-03-01T07:57:32.503+0000] {task_command.py:423} INFO - Running <TaskInstance: anime_etl.transform scheduled__2026-02-28T06:00:00+00:00 [running]> on host c1d546777f68
[2026-03-01T07:57:32.586+0000] {taskinstance.py:2480} INFO - Exporting env vars: AIRFLOW_CTX_DAG_OWNER='data-engineer' AIRFLOW_CTX_DAG_ID='anime_etl' AIRFLOW_CTX_TASK_ID='transform' AIRFLOW_CTX_EXECUTION_DATE='2026-02-28T06:00:00+00:00' AIRFLOW_CTX_TRY_NUMBER='1' AIRFLOW_CTX_DAG_RUN_ID='scheduled__2026-02-28T06:00:00+00:00'
[2026-03-01T07:57:35.244+0000] {logging_mixin.py:188} INFO - [transform] Loading: /opt/airflow/data/raw/anime_raw_20260301_075731.json
[2026-03-01T07:57:35.247+0000] {logging_mixin.py:188} INFO - [transform] Raw records loaded: 100
[2026-03-01T07:57:35.502+0000] {logging_mixin.py:188} INFO - [transform] Passed validation : 98
[2026-03-01T07:57:35.503+0000] {logging_mixin.py:188} INFO - [transform] Failed validation : 2
[2026-03-01T07:57:35.611+0000] {python.py:201} INFO - Done. Returned value was: None
[2026-03-01T07:57:35.626+0000] {taskinstance.py:1138} INFO - Marking task as SUCCESS. dag_id=anime_etl, task_id=transform, execution_date=20260228T060000, start_date=20260301T075732, end_date=20260301T075735
[2026-03-01T07:57:35.663+0000] {local_task_job_runner.py:234} INFO - Task exited with return code 0
[2026-03-01T07:57:35.689+0000] {taskinstance.py:3280} INFO - 1 downstream tasks scheduled from follow-on schedule check
[2026-03-01T08:00:48.012+0000] {taskinstance.py:1956} INFO - Dependencies all met for dep_context=non-requeueable deps ti=<TaskInstance: anime_etl.transform scheduled__2026-02-28T06:00:00+00:00 [queued]>
[2026-03-01T08:00:48.019+0000] {taskinstance.py:1956} INFO - Dependencies all met for dep_context=requeueable deps ti=<TaskInstance: anime_etl.transform scheduled__2026-02-28T06:00:00+00:00 [queued]>
[2026-03-01T08:00:48.020+0000] {taskinstance.py:2170} INFO - Starting attempt 1 of 3
[2026-03-01T08:00:48.033+0000] {taskinstance.py:2191} INFO - Executing <Task(PythonOperator): transform> on 2026-02-28 06:00:00+00:00
[2026-03-01T08:00:48.038+0000] {standard_task_runner.py:60} INFO - Started process 207 to run task
[2026-03-01T08:00:48.041+0000] {standard_task_runner.py:87} INFO - Running: ['airflow', 'tasks', 'run', 'anime_etl', 'transform', 'scheduled__2026-02-28T06:00:00+00:00', '--job-id', '6', '--raw', '--subdir', 'DAGS_FOLDER/anime_etl_dag.py', '--cfg-path', '/tmp/tmpj815dm1n']
[2026-03-01T08:00:48.044+0000] {standard_task_runner.py:88} INFO - Job 6: Subtask transform
[2026-03-01T08:00:48.102+0000] {task_command.py:423} INFO - Running <TaskInstance: anime_etl.transform scheduled__2026-02-28T06:00:00+00:00 [running]> on host e9e57f5c8db6
[2026-03-01T08:00:48.182+0000] {taskinstance.py:2480} INFO - Exporting env vars: AIRFLOW_CTX_DAG_OWNER='data-engineer' AIRFLOW_CTX_DAG_ID='anime_etl' AIRFLOW_CTX_TASK_ID='transform' AIRFLOW_CTX_EXECUTION_DATE='2026-02-28T06:00:00+00:00' AIRFLOW_CTX_TRY_NUMBER='1' AIRFLOW_CTX_DAG_RUN_ID='scheduled__2026-02-28T06:00:00+00:00'
[2026-03-01T08:00:48.510+0000] {logging_mixin.py:188} INFO - [transform] Loading: /opt/airflow/data/raw/anime_raw_20260301_080046.json
[2026-03-01T08:00:48.513+0000] {logging_mixin.py:188} INFO - [transform] Raw records loaded: 100
[2026-03-01T08:00:48.531+0000] {logging_mixin.py:188} INFO - [transform] Passed validation : 98
[2026-03-01T08:00:48.532+0000] {logging_mixin.py:188} INFO - [transform] Failed validation : 2
[2026-03-01T08:00:48.566+0000] {python.py:201} INFO - Done. Returned value was: None
[2026-03-01T08:00:48.579+0000] {taskinstance.py:1138} INFO - Marking task as SUCCESS. dag_id=anime_etl, task_id=transform, execution_date=20260228T060000, start_date=20260301T080048, end_date=20260301T080048
[2026-03-01T08:00:48.615+0000] {local_task_job_runner.py:234} INFO - Task exited with return code 0
[2026-03-01T08:00:48.644+0000] {taskinstance.py:3280} INFO - 1 downstream tasks scheduled from follow-on schedule check
[2026-03-01T08:05:36.522+0000] {taskinstance.py:1956} INFO - Dependencies all met for dep_context=non-requeueable deps ti=<TaskInstance: anime_etl.transform scheduled__2026-02-28T06:00:00+00:00 [queued]>
[2026-03-01T08:05:36.531+0000] {taskinstance.py:1956} INFO - Dependencies all met for dep_context=requeueable deps ti=<TaskInstance: anime_etl.transform scheduled__2026-02-28T06:00:00+00:00 [queued]>
[2026-03-01T08:05:36.532+0000] {taskinstance.py:2170} INFO - Starting attempt 1 of 3
[2026-03-01T08:05:36.546+0000] {taskinstance.py:2191} INFO - Executing <Task(PythonOperator): transform> on 2026-02-28 06:00:00+00:00
[2026-03-01T08:05:36.552+0000] {standard_task_runner.py:60} INFO - Started process 196 to run task
[2026-03-01T08:05:36.556+0000] {standard_task_runner.py:87} INFO - Running: ['airflow', 'tasks', 'run', 'anime_etl', 'transform', 'scheduled__2026-02-28T06:00:00+00:00', '--job-id', '4', '--raw', '--subdir', 'DAGS_FOLDER/anime_etl_dag.py', '--cfg-path', '/tmp/tmp2o7lri_z']
[2026-03-01T08:05:36.558+0000] {standard_task_runner.py:88} INFO - Job 4: Subtask transform
[2026-03-01T08:05:36.624+0000] {task_command.py:423} INFO - Running <TaskInstance: anime_etl.transform scheduled__2026-02-28T06:00:00+00:00 [running]> on host 0cf211f31226
[2026-03-01T08:05:36.721+0000] {taskinstance.py:2480} INFO - Exporting env vars: AIRFLOW_CTX_DAG_OWNER='data-engineer' AIRFLOW_CTX_DAG_ID='anime_etl' AIRFLOW_CTX_TASK_ID='transform' AIRFLOW_CTX_EXECUTION_DATE='2026-02-28T06:00:00+00:00' AIRFLOW_CTX_TRY_NUMBER='1' AIRFLOW_CTX_DAG_RUN_ID='scheduled__2026-02-28T06:00:00+00:00'
[2026-03-01T08:05:38.390+0000] {logging_mixin.py:188} INFO - [transform] Loading: /opt/airflow/data/raw/anime_raw_20260301_080536.json
[2026-03-01T08:05:38.395+0000] {logging_mixin.py:188} INFO - [transform] Raw records loaded: 100
[2026-03-01T08:05:38.469+0000] {logging_mixin.py:188} INFO - [transform] Passed validation : 98
[2026-03-01T08:05:38.469+0000] {logging_mixin.py:188} INFO - [transform] Failed validation : 2
[2026-03-01T08:05:38.524+0000] {python.py:201} INFO - Done. Returned value was: None
[2026-03-01T08:05:38.540+0000] {taskinstance.py:1138} INFO - Marking task as SUCCESS. dag_id=anime_etl, task_id=transform, execution_date=20260228T060000, start_date=20260301T080536, end_date=20260301T080538
[2026-03-01T08:05:38.575+0000] {local_task_job_runner.py:234} INFO - Task exited with return code 0
[2026-03-01T08:05:38.600+0000] {taskinstance.py:3280} INFO - 1 downstream tasks scheduled from follow-on schedule check
[2026-03-01T08:59:06.555+0000] {taskinstance.py:1956} INFO - Dependencies all met for dep_context=non-requeueable deps ti=<TaskInstance: anime_etl.transform scheduled__2026-02-28T06:00:00+00:00 [queued]>
[2026-03-01T08:59:06.578+0000] {taskinstance.py:1956} INFO - Dependencies all met for dep_context=requeueable deps ti=<TaskInstance: anime_etl.transform scheduled__2026-02-28T06:00:00+00:00 [queued]>
[2026-03-01T08:59:06.578+0000] {taskinstance.py:2170} INFO - Starting attempt 1 of 3
[2026-03-01T08:59:06.608+0000] {taskinstance.py:2191} INFO - Executing <Task(PythonOperator): transform> on 2026-02-28 06:00:00+00:00
[2026-03-01T08:59:06.616+0000] {standard_task_runner.py:60} INFO - Started process 601 to run task
[2026-03-01T08:59:06.645+0000] {standard_task_runner.py:87} INFO - Running: ['airflow', 'tasks', 'run', 'anime_etl', 'transform', 'scheduled__2026-02-28T06:00:00+00:00', '--job-id', '4', '--raw', '--subdir', 'DAGS_FOLDER/anime_etl_dag.py', '--cfg-path', '/tmp/tmpzt5pvqi4']
[2026-03-01T08:59:06.648+0000] {standard_task_runner.py:88} INFO - Job 4: Subtask transform
[2026-03-01T08:59:06.739+0000] {task_command.py:423} INFO - Running <TaskInstance: anime_etl.transform scheduled__2026-02-28T06:00:00+00:00 [running]> on host 3f3742ee6226
[2026-03-01T08:59:06.904+0000] {taskinstance.py:2480} INFO - Exporting env vars: AIRFLOW_CTX_DAG_OWNER='data-engineer' AIRFLOW_CTX_DAG_ID='anime_etl' AIRFLOW_CTX_TASK_ID='transform' AIRFLOW_CTX_EXECUTION_DATE='2026-02-28T06:00:00+00:00' AIRFLOW_CTX_TRY_NUMBER='1' AIRFLOW_CTX_DAG_RUN_ID='scheduled__2026-02-28T06:00:00+00:00'
[2026-03-01T08:59:10.479+0000] {logging_mixin.py:188} INFO - [transform] Loading: /opt/airflow/data/raw/anime_raw_20260301_085905.json
[2026-03-01T08:59:11.460+0000] {logging_mixin.py:188} INFO - [transform] Raw records loaded: 29834
[2026-03-01T08:59:25.714+0000] {logging_mixin.py:188} INFO - [transform] Passed validation : 14784
[2026-03-01T08:59:25.715+0000] {logging_mixin.py:188} INFO - [transform] Failed validation : 15050
[2026-03-01T08:59:25.914+0000] {python.py:201} INFO - Done. Returned value was: None
[2026-03-01T08:59:25.928+0000] {taskinstance.py:1138} INFO - Marking task as SUCCESS. dag_id=anime_etl, task_id=transform, execution_date=20260228T060000, start_date=20260301T085906, end_date=20260301T085925
[2026-03-01T08:59:25.995+0000] {local_task_job_runner.py:234} INFO - Task exited with return code 0
[2026-03-01T08:59:26.023+0000] {taskinstance.py:3280} INFO - 1 downstream tasks scheduled from follow-on schedule check
