[2026-03-01T07:33:14.216+0000] {taskinstance.py:1956} INFO - Dependencies all met for dep_context=non-requeueable deps ti=<TaskInstance: anime_etl.scrape scheduled__2026-02-28T06:00:00+00:00 [queued]>
[2026-03-01T07:33:14.228+0000] {taskinstance.py:1956} INFO - Dependencies all met for dep_context=requeueable deps ti=<TaskInstance: anime_etl.scrape scheduled__2026-02-28T06:00:00+00:00 [queued]>
[2026-03-01T07:33:14.229+0000] {taskinstance.py:2170} INFO - Starting attempt 2 of 3
[2026-03-01T07:33:14.253+0000] {taskinstance.py:2191} INFO - Executing <Task(PythonOperator): scrape> on 2026-02-28 06:00:00+00:00
[2026-03-01T07:33:14.262+0000] {standard_task_runner.py:60} INFO - Started process 251 to run task
[2026-03-01T07:33:14.265+0000] {standard_task_runner.py:87} INFO - Running: ['airflow', 'tasks', 'run', 'anime_etl', 'scrape', 'scheduled__2026-02-28T06:00:00+00:00', '--job-id', '7', '--raw', '--subdir', 'DAGS_FOLDER/anime_etl_dag.py', '--cfg-path', '/tmp/tmp0kf7pfjd']
[2026-03-01T07:33:14.268+0000] {standard_task_runner.py:88} INFO - Job 7: Subtask scrape
[2026-03-01T07:33:14.335+0000] {task_command.py:423} INFO - Running <TaskInstance: anime_etl.scrape scheduled__2026-02-28T06:00:00+00:00 [running]> on host 976fef9301be
[2026-03-01T07:33:14.600+0000] {taskinstance.py:2480} INFO - Exporting env vars: AIRFLOW_CTX_DAG_OWNER='data-engineer' AIRFLOW_CTX_DAG_ID='anime_etl' AIRFLOW_CTX_TASK_ID='scrape' AIRFLOW_CTX_EXECUTION_DATE='2026-02-28T06:00:00+00:00' AIRFLOW_CTX_TRY_NUMBER='2' AIRFLOW_CTX_DAG_RUN_ID='scheduled__2026-02-28T06:00:00+00:00'
[2026-03-01T07:33:15.344+0000] {taskinstance.py:2698} ERROR - Task failed with exception
Traceback (most recent call last):
  File "/home/airflow/.local/lib/python3.11/site-packages/sqlalchemy/engine/base.py", line 1910, in _execute_context
    self.dialect.do_execute(
  File "/home/airflow/.local/lib/python3.11/site-packages/sqlalchemy/engine/default.py", line 736, in do_execute
    cursor.execute(statement, parameters)
psycopg2.errors.UndefinedTable: relation "anime" does not exist
LINE 1: SELECT anime_id FROM anime
                             ^


The above exception was the direct cause of the following exception:

Traceback (most recent call last):
  File "/home/airflow/.local/lib/python3.11/site-packages/airflow/models/taskinstance.py", line 433, in _execute_task
    result = execute_callable(context=context, **execute_callable_kwargs)
             ^^^^^^^^^^^^^^^^^^^^^^^^^^^^^^^^^^^^^^^^^^^^^^^^^^^^^^^^^^^^
  File "/home/airflow/.local/lib/python3.11/site-packages/airflow/operators/python.py", line 199, in execute
    return_value = self.execute_callable()
                   ^^^^^^^^^^^^^^^^^^^^^^^
  File "/home/airflow/.local/lib/python3.11/site-packages/airflow/operators/python.py", line 216, in execute_callable
    return self.python_callable(*self.op_args, **self.op_kwargs)
           ^^^^^^^^^^^^^^^^^^^^^^^^^^^^^^^^^^^^^^^^^^^^^^^^^^^^^
  File "/opt/airflow/dags/anime_etl_dag.py", line 44, in task_scrape
    filepath = run()
               ^^^^^
  File "/opt/airflow/pipeline/scraper.py", line 181, in run
    existing_ids = get_existing_anime_ids(engine)
                   ^^^^^^^^^^^^^^^^^^^^^^^^^^^^^^
  File "/opt/airflow/pipeline/scraper.py", line 74, in get_existing_anime_ids
    result = conn.execute(text("SELECT anime_id FROM anime"))
             ^^^^^^^^^^^^^^^^^^^^^^^^^^^^^^^^^^^^^^^^^^^^^^^^
  File "/home/airflow/.local/lib/python3.11/site-packages/sqlalchemy/engine/base.py", line 1385, in execute
    return meth(self, multiparams, params, _EMPTY_EXECUTION_OPTS)
           ^^^^^^^^^^^^^^^^^^^^^^^^^^^^^^^^^^^^^^^^^^^^^^^^^^^^^^
  File "/home/airflow/.local/lib/python3.11/site-packages/sqlalchemy/sql/elements.py", line 334, in _execute_on_connection
    return connection._execute_clauseelement(
           ^^^^^^^^^^^^^^^^^^^^^^^^^^^^^^^^^^
  File "/home/airflow/.local/lib/python3.11/site-packages/sqlalchemy/engine/base.py", line 1577, in _execute_clauseelement
    ret = self._execute_context(
          ^^^^^^^^^^^^^^^^^^^^^^
  File "/home/airflow/.local/lib/python3.11/site-packages/sqlalchemy/engine/base.py", line 1953, in _execute_context
    self._handle_dbapi_exception(
  File "/home/airflow/.local/lib/python3.11/site-packages/sqlalchemy/engine/base.py", line 2134, in _handle_dbapi_exception
    util.raise_(
  File "/home/airflow/.local/lib/python3.11/site-packages/sqlalchemy/util/compat.py", line 211, in raise_
    raise exception
  File "/home/airflow/.local/lib/python3.11/site-packages/sqlalchemy/engine/base.py", line 1910, in _execute_context
    self.dialect.do_execute(
  File "/home/airflow/.local/lib/python3.11/site-packages/sqlalchemy/engine/default.py", line 736, in do_execute
    cursor.execute(statement, parameters)
sqlalchemy.exc.ProgrammingError: (psycopg2.errors.UndefinedTable) relation "anime" does not exist
LINE 1: SELECT anime_id FROM anime
                             ^

[SQL: SELECT anime_id FROM anime]
(Background on this error at: https://sqlalche.me/e/14/f405)
[2026-03-01T07:33:15.406+0000] {taskinstance.py:1138} INFO - Marking task as UP_FOR_RETRY. dag_id=anime_etl, task_id=scrape, execution_date=20260228T060000, start_date=20260301T073314, end_date=20260301T073315
[2026-03-01T07:33:15.449+0000] {standard_task_runner.py:107} ERROR - Failed to execute job 7 for task scrape ((psycopg2.errors.UndefinedTable) relation "anime" does not exist
LINE 1: SELECT anime_id FROM anime
                             ^

[SQL: SELECT anime_id FROM anime]
(Background on this error at: https://sqlalche.me/e/14/f405); 251)
[2026-03-01T07:33:15.489+0000] {local_task_job_runner.py:234} INFO - Task exited with return code 1
[2026-03-01T07:33:15.528+0000] {taskinstance.py:3280} INFO - 0 downstream tasks scheduled from follow-on schedule check
[2026-03-01T07:52:22.443+0000] {taskinstance.py:1956} INFO - Dependencies all met for dep_context=non-requeueable deps ti=<TaskInstance: anime_etl.scrape scheduled__2026-02-28T06:00:00+00:00 [queued]>
[2026-03-01T07:52:22.458+0000] {taskinstance.py:1956} INFO - Dependencies all met for dep_context=requeueable deps ti=<TaskInstance: anime_etl.scrape scheduled__2026-02-28T06:00:00+00:00 [queued]>
[2026-03-01T07:52:22.459+0000] {taskinstance.py:2170} INFO - Starting attempt 2 of 3
[2026-03-01T07:52:22.482+0000] {taskinstance.py:2191} INFO - Executing <Task(PythonOperator): scrape> on 2026-02-28 06:00:00+00:00
[2026-03-01T07:52:22.490+0000] {standard_task_runner.py:60} INFO - Started process 245 to run task
[2026-03-01T07:52:22.494+0000] {standard_task_runner.py:87} INFO - Running: ['airflow', 'tasks', 'run', 'anime_etl', 'scrape', 'scheduled__2026-02-28T06:00:00+00:00', '--job-id', '6', '--raw', '--subdir', 'DAGS_FOLDER/anime_etl_dag.py', '--cfg-path', '/tmp/tmpxwuucezl']
[2026-03-01T07:52:22.498+0000] {standard_task_runner.py:88} INFO - Job 6: Subtask scrape
[2026-03-01T07:52:22.573+0000] {task_command.py:423} INFO - Running <TaskInstance: anime_etl.scrape scheduled__2026-02-28T06:00:00+00:00 [running]> on host c1d546777f68
[2026-03-01T07:52:22.686+0000] {taskinstance.py:2480} INFO - Exporting env vars: AIRFLOW_CTX_DAG_OWNER='data-engineer' AIRFLOW_CTX_DAG_ID='anime_etl' AIRFLOW_CTX_TASK_ID='scrape' AIRFLOW_CTX_EXECUTION_DATE='2026-02-28T06:00:00+00:00' AIRFLOW_CTX_TRY_NUMBER='2' AIRFLOW_CTX_DAG_RUN_ID='scheduled__2026-02-28T06:00:00+00:00'
[2026-03-01T07:52:23.054+0000] {taskinstance.py:2698} ERROR - Task failed with exception
Traceback (most recent call last):
  File "/home/airflow/.local/lib/python3.11/site-packages/sqlalchemy/engine/base.py", line 1910, in _execute_context
    self.dialect.do_execute(
  File "/home/airflow/.local/lib/python3.11/site-packages/sqlalchemy/engine/default.py", line 736, in do_execute
    cursor.execute(statement, parameters)
psycopg2.errors.UndefinedTable: relation "anime" does not exist
LINE 1: SELECT anime_id FROM anime
                             ^


The above exception was the direct cause of the following exception:

Traceback (most recent call last):
  File "/home/airflow/.local/lib/python3.11/site-packages/airflow/models/taskinstance.py", line 433, in _execute_task
    result = execute_callable(context=context, **execute_callable_kwargs)
             ^^^^^^^^^^^^^^^^^^^^^^^^^^^^^^^^^^^^^^^^^^^^^^^^^^^^^^^^^^^^
  File "/home/airflow/.local/lib/python3.11/site-packages/airflow/operators/python.py", line 199, in execute
    return_value = self.execute_callable()
                   ^^^^^^^^^^^^^^^^^^^^^^^
  File "/home/airflow/.local/lib/python3.11/site-packages/airflow/operators/python.py", line 216, in execute_callable
    return self.python_callable(*self.op_args, **self.op_kwargs)
           ^^^^^^^^^^^^^^^^^^^^^^^^^^^^^^^^^^^^^^^^^^^^^^^^^^^^^
  File "/opt/airflow/dags/anime_etl_dag.py", line 44, in task_scrape
    filepath = run()
               ^^^^^
  File "/opt/airflow/pipeline/scraper.py", line 181, in run
    existing_ids = get_existing_anime_ids(engine)
                   ^^^^^^^^^^^^^^^^^^^^^^^^^^^^^^
  File "/opt/airflow/pipeline/scraper.py", line 74, in get_existing_anime_ids
    result = conn.execute(text("SELECT anime_id FROM anime"))
             ^^^^^^^^^^^^^^^^^^^^^^^^^^^^^^^^^^^^^^^^^^^^^^^^
  File "/home/airflow/.local/lib/python3.11/site-packages/sqlalchemy/engine/base.py", line 1385, in execute
    return meth(self, multiparams, params, _EMPTY_EXECUTION_OPTS)
           ^^^^^^^^^^^^^^^^^^^^^^^^^^^^^^^^^^^^^^^^^^^^^^^^^^^^^^
  File "/home/airflow/.local/lib/python3.11/site-packages/sqlalchemy/sql/elements.py", line 334, in _execute_on_connection
    return connection._execute_clauseelement(
           ^^^^^^^^^^^^^^^^^^^^^^^^^^^^^^^^^^
  File "/home/airflow/.local/lib/python3.11/site-packages/sqlalchemy/engine/base.py", line 1577, in _execute_clauseelement
    ret = self._execute_context(
          ^^^^^^^^^^^^^^^^^^^^^^
  File "/home/airflow/.local/lib/python3.11/site-packages/sqlalchemy/engine/base.py", line 1953, in _execute_context
    self._handle_dbapi_exception(
  File "/home/airflow/.local/lib/python3.11/site-packages/sqlalchemy/engine/base.py", line 2134, in _handle_dbapi_exception
    util.raise_(
  File "/home/airflow/.local/lib/python3.11/site-packages/sqlalchemy/util/compat.py", line 211, in raise_
    raise exception
  File "/home/airflow/.local/lib/python3.11/site-packages/sqlalchemy/engine/base.py", line 1910, in _execute_context
    self.dialect.do_execute(
  File "/home/airflow/.local/lib/python3.11/site-packages/sqlalchemy/engine/default.py", line 736, in do_execute
    cursor.execute(statement, parameters)
sqlalchemy.exc.ProgrammingError: (psycopg2.errors.UndefinedTable) relation "anime" does not exist
LINE 1: SELECT anime_id FROM anime
                             ^

[SQL: SELECT anime_id FROM anime]
(Background on this error at: https://sqlalche.me/e/14/f405)
[2026-03-01T07:52:23.173+0000] {taskinstance.py:1138} INFO - Marking task as UP_FOR_RETRY. dag_id=anime_etl, task_id=scrape, execution_date=20260228T060000, start_date=20260301T075222, end_date=20260301T075223
[2026-03-01T07:52:23.207+0000] {standard_task_runner.py:107} ERROR - Failed to execute job 6 for task scrape ((psycopg2.errors.UndefinedTable) relation "anime" does not exist
LINE 1: SELECT anime_id FROM anime
                             ^

[SQL: SELECT anime_id FROM anime]
(Background on this error at: https://sqlalche.me/e/14/f405); 245)
[2026-03-01T07:52:23.230+0000] {local_task_job_runner.py:234} INFO - Task exited with return code 1
[2026-03-01T07:52:23.266+0000] {taskinstance.py:3280} INFO - 0 downstream tasks scheduled from follow-on schedule check
