[2026-03-01T07:38:18.760+0000] {taskinstance.py:1956} INFO - Dependencies all met for dep_context=non-requeueable deps ti=<TaskInstance: anime_etl.scrape scheduled__2026-02-28T06:00:00+00:00 [queued]>
[2026-03-01T07:38:18.787+0000] {taskinstance.py:1956} INFO - Dependencies all met for dep_context=requeueable deps ti=<TaskInstance: anime_etl.scrape scheduled__2026-02-28T06:00:00+00:00 [queued]>
[2026-03-01T07:38:18.788+0000] {taskinstance.py:2170} INFO - Starting attempt 3 of 3
[2026-03-01T07:38:18.844+0000] {taskinstance.py:2191} INFO - Executing <Task(PythonOperator): scrape> on 2026-02-28 06:00:00+00:00
[2026-03-01T07:38:18.870+0000] {standard_task_runner.py:60} INFO - Started process 305 to run task
[2026-03-01T07:38:18.881+0000] {standard_task_runner.py:87} INFO - Running: ['airflow', 'tasks', 'run', 'anime_etl', 'scrape', 'scheduled__2026-02-28T06:00:00+00:00', '--job-id', '9', '--raw', '--subdir', 'DAGS_FOLDER/anime_etl_dag.py', '--cfg-path', '/tmp/tmpwyeecn17']
[2026-03-01T07:38:18.894+0000] {standard_task_runner.py:88} INFO - Job 9: Subtask scrape
[2026-03-01T07:38:19.178+0000] {task_command.py:423} INFO - Running <TaskInstance: anime_etl.scrape scheduled__2026-02-28T06:00:00+00:00 [running]> on host 976fef9301be
[2026-03-01T07:38:19.412+0000] {taskinstance.py:2480} INFO - Exporting env vars: AIRFLOW_CTX_DAG_OWNER='data-engineer' AIRFLOW_CTX_DAG_ID='anime_etl' AIRFLOW_CTX_TASK_ID='scrape' AIRFLOW_CTX_EXECUTION_DATE='2026-02-28T06:00:00+00:00' AIRFLOW_CTX_TRY_NUMBER='3' AIRFLOW_CTX_DAG_RUN_ID='scheduled__2026-02-28T06:00:00+00:00'
[2026-03-01T07:38:20.039+0000] {taskinstance.py:2698} ERROR - Task failed with exception
Traceback (most recent call last):
  File "/home/airflow/.local/lib/python3.11/site-packages/sqlalchemy/engine/base.py", line 1910, in _execute_context
    self.dialect.do_execute(
  File "/home/airflow/.local/lib/python3.11/site-packages/sqlalchemy/engine/default.py", line 736, in do_execute
    cursor.execute(statement, parameters)
psycopg2.errors.UndefinedTable: relation "anime" does not exist
LINE 1: SELECT anime_id FROM anime
                             ^


The above exception was the direct cause of the following exception:

Traceback (most recent call last):
  File "/home/airflow/.local/lib/python3.11/site-packages/airflow/models/taskinstance.py", line 433, in _execute_task
    result = execute_callable(context=context, **execute_callable_kwargs)
             ^^^^^^^^^^^^^^^^^^^^^^^^^^^^^^^^^^^^^^^^^^^^^^^^^^^^^^^^^^^^
  File "/home/airflow/.local/lib/python3.11/site-packages/airflow/operators/python.py", line 199, in execute
    return_value = self.execute_callable()
                   ^^^^^^^^^^^^^^^^^^^^^^^
  File "/home/airflow/.local/lib/python3.11/site-packages/airflow/operators/python.py", line 216, in execute_callable
    return self.python_callable(*self.op_args, **self.op_kwargs)
           ^^^^^^^^^^^^^^^^^^^^^^^^^^^^^^^^^^^^^^^^^^^^^^^^^^^^^
  File "/opt/airflow/dags/anime_etl_dag.py", line 44, in task_scrape
    filepath = run()
               ^^^^^
  File "/opt/airflow/pipeline/scraper.py", line 181, in run
    existing_ids = get_existing_anime_ids(engine)
                   ^^^^^^^^^^^^^^^^^^^^^^^^^^^^^^
  File "/opt/airflow/pipeline/scraper.py", line 74, in get_existing_anime_ids
    result = conn.execute(text("SELECT anime_id FROM anime"))
             ^^^^^^^^^^^^^^^^^^^^^^^^^^^^^^^^^^^^^^^^^^^^^^^^
  File "/home/airflow/.local/lib/python3.11/site-packages/sqlalchemy/engine/base.py", line 1385, in execute
    return meth(self, multiparams, params, _EMPTY_EXECUTION_OPTS)
           ^^^^^^^^^^^^^^^^^^^^^^^^^^^^^^^^^^^^^^^^^^^^^^^^^^^^^^
  File "/home/airflow/.local/lib/python3.11/site-packages/sqlalchemy/sql/elements.py", line 334, in _execute_on_connection
    return connection._execute_clauseelement(
           ^^^^^^^^^^^^^^^^^^^^^^^^^^^^^^^^^^
  File "/home/airflow/.local/lib/python3.11/site-packages/sqlalchemy/engine/base.py", line 1577, in _execute_clauseelement
    ret = self._execute_context(
          ^^^^^^^^^^^^^^^^^^^^^^
  File "/home/airflow/.local/lib/python3.11/site-packages/sqlalchemy/engine/base.py", line 1953, in _execute_context
    self._handle_dbapi_exception(
  File "/home/airflow/.local/lib/python3.11/site-packages/sqlalchemy/engine/base.py", line 2134, in _handle_dbapi_exception
    util.raise_(
  File "/home/airflow/.local/lib/python3.11/site-packages/sqlalchemy/util/compat.py", line 211, in raise_
    raise exception
  File "/home/airflow/.local/lib/python3.11/site-packages/sqlalchemy/engine/base.py", line 1910, in _execute_context
    self.dialect.do_execute(
  File "/home/airflow/.local/lib/python3.11/site-packages/sqlalchemy/engine/default.py", line 736, in do_execute
    cursor.execute(statement, parameters)
sqlalchemy.exc.ProgrammingError: (psycopg2.errors.UndefinedTable) relation "anime" does not exist
LINE 1: SELECT anime_id FROM anime
                             ^

[SQL: SELECT anime_id FROM anime]
(Background on this error at: https://sqlalche.me/e/14/f405)
[2026-03-01T07:38:20.166+0000] {taskinstance.py:1138} INFO - Marking task as FAILED. dag_id=anime_etl, task_id=scrape, execution_date=20260228T060000, start_date=20260301T073818, end_date=20260301T073820
[2026-03-01T07:38:20.199+0000] {standard_task_runner.py:107} ERROR - Failed to execute job 9 for task scrape ((psycopg2.errors.UndefinedTable) relation "anime" does not exist
LINE 1: SELECT anime_id FROM anime
                             ^

[SQL: SELECT anime_id FROM anime]
(Background on this error at: https://sqlalche.me/e/14/f405); 305)
[2026-03-01T07:38:20.235+0000] {local_task_job_runner.py:234} INFO - Task exited with return code 1
[2026-03-01T07:38:20.275+0000] {taskinstance.py:3280} INFO - 0 downstream tasks scheduled from follow-on schedule check
[2026-03-01T07:57:24.376+0000] {taskinstance.py:1956} INFO - Dependencies all met for dep_context=non-requeueable deps ti=<TaskInstance: anime_etl.scrape scheduled__2026-02-28T06:00:00+00:00 [queued]>
[2026-03-01T07:57:24.391+0000] {taskinstance.py:1956} INFO - Dependencies all met for dep_context=requeueable deps ti=<TaskInstance: anime_etl.scrape scheduled__2026-02-28T06:00:00+00:00 [queued]>
[2026-03-01T07:57:24.392+0000] {taskinstance.py:2170} INFO - Starting attempt 3 of 3
[2026-03-01T07:57:24.411+0000] {taskinstance.py:2191} INFO - Executing <Task(PythonOperator): scrape> on 2026-02-28 06:00:00+00:00
[2026-03-01T07:57:24.417+0000] {standard_task_runner.py:60} INFO - Started process 300 to run task
[2026-03-01T07:57:24.431+0000] {standard_task_runner.py:87} INFO - Running: ['airflow', 'tasks', 'run', 'anime_etl', 'scrape', 'scheduled__2026-02-28T06:00:00+00:00', '--job-id', '8', '--raw', '--subdir', 'DAGS_FOLDER/anime_etl_dag.py', '--cfg-path', '/tmp/tmp22n49p7v']
[2026-03-01T07:57:24.435+0000] {standard_task_runner.py:88} INFO - Job 8: Subtask scrape
[2026-03-01T07:57:24.897+0000] {task_command.py:423} INFO - Running <TaskInstance: anime_etl.scrape scheduled__2026-02-28T06:00:00+00:00 [running]> on host c1d546777f68
[2026-03-01T07:57:25.219+0000] {taskinstance.py:2480} INFO - Exporting env vars: AIRFLOW_CTX_DAG_OWNER='data-engineer' AIRFLOW_CTX_DAG_ID='anime_etl' AIRFLOW_CTX_TASK_ID='scrape' AIRFLOW_CTX_EXECUTION_DATE='2026-02-28T06:00:00+00:00' AIRFLOW_CTX_TRY_NUMBER='3' AIRFLOW_CTX_DAG_RUN_ID='scheduled__2026-02-28T06:00:00+00:00'
[2026-03-01T07:57:25.398+0000] {logging_mixin.py:188} INFO - [scraper] First run detected. No anime table yet.
[2026-03-01T07:57:25.398+0000] {logging_mixin.py:188} INFO - [scraper] Found 0 existing anime.
[2026-03-01T07:57:25.399+0000] {logging_mixin.py:188} INFO - [scraper] Fetching API page 1
[2026-03-01T07:57:27.420+0000] {logging_mixin.py:188} INFO - [scraper] Fetching API page 2
[2026-03-01T07:57:29.051+0000] {logging_mixin.py:188} INFO - [scraper] Fetching API page 3
[2026-03-01T07:57:30.189+0000] {logging_mixin.py:188} INFO - [scraper] Fetching API page 4
[2026-03-01T07:57:31.607+0000] {logging_mixin.py:188} INFO - [scraper] Retrieved 100 from API.
[2026-03-01T07:57:31.607+0000] {logging_mixin.py:188} INFO - [scraper] 100 new anime to process.
[2026-03-01T07:57:31.615+0000] {logging_mixin.py:188} INFO - [scraper] Saved 100 records → /opt/airflow/data/raw/anime_raw_20260301_075731.json
[2026-03-01T07:57:31.635+0000] {python.py:201} INFO - Done. Returned value was: None
[2026-03-01T07:57:31.647+0000] {taskinstance.py:1138} INFO - Marking task as SUCCESS. dag_id=anime_etl, task_id=scrape, execution_date=20260228T060000, start_date=20260301T075724, end_date=20260301T075731
[2026-03-01T07:57:31.703+0000] {local_task_job_runner.py:234} INFO - Task exited with return code 0
[2026-03-01T07:57:31.732+0000] {taskinstance.py:3280} INFO - 1 downstream tasks scheduled from follow-on schedule check
